*******************************************************************
* Genome-wide Complex Trait Analysis (GCTA)
* version 1.92.1 beta5 Mac
* (C) 2010-2019, The University of Queensland
* Please report bugs to: Jian Yang <jian.yang@uq.edu.au>
*******************************************************************
Analysis started at 13:49:17 EDT on Fri May 31 2019.
Hostname: brians-mbp.19e98.mountsinai.org

Accepted options:
--bfile Data/GWAS/Nalls23andMe_2019/TMEM163/plink/plink
--cojo-file Data/GWAS/Nalls23andMe_2019/TMEM163/COJO/cojo-file.ma
--maf 0
--diff-freq 0.1
--cojo-cond Data/GWAS/Nalls23andMe_2019/TMEM163/COJO/cojo-cond.txt
--exclude Data/GWAS/Nalls23andMe_2019/TMEM163/COJO/excluded_snps.txt
--out Data/GWAS/Nalls23andMe_2019/TMEM163/COJO/cojo


Reading PLINK FAM file from [Data/GWAS/Nalls23andMe_2019/TMEM163/plink/plink.fam].
1092 individuals to be included from [Data/GWAS/Nalls23andMe_2019/TMEM163/plink/plink.fam].
Reading PLINK BIM file from [Data/GWAS/Nalls23andMe_2019/TMEM163/plink/plink.bim].
521 SNPs to be included from [Data/GWAS/Nalls23andMe_2019/TMEM163/plink/plink.bim].
Reading a list of SNPs from [Data/GWAS/Nalls23andMe_2019/TMEM163/COJO/excluded_snps.txt].
0 SNPs are excluded from [Data/GWAS/Nalls23andMe_2019/TMEM163/COJO/excluded_snps.txt] and there are 521 SNPs remaining.
Reading PLINK BED file from [Data/GWAS/Nalls23andMe_2019/TMEM163/plink/plink.bed] in SNP-major format ...
Genotype data for 1092 individuals and 521 SNPs to be included from [Data/GWAS/Nalls23andMe_2019/TMEM163/plink/plink.bed].

Reading GWAS summary-level statistics from [Data/GWAS/Nalls23andMe_2019/TMEM163/COJO/cojo-file.ma] ...
GWAS summary statistics of 521 SNPs read from [Data/GWAS/Nalls23andMe_2019/TMEM163/COJO/cojo-file.ma].
Phenotypic variance estimated from summary statistics of all 521 SNPs: 71.87 (variance of logit for case-control studies).
Matching the GWAS meta-analysis results to the genotype data ...
Calculating allele frequencies ...
22 SNP(s) have large difference of allele frequency among the GWAS summary data and the reference sample. These SNPs have been saved in [Data/GWAS/Nalls23andMe_2019/TMEM163/COJO/cojo.freq.badsnps].
499 SNPs are matched to the genotype data.
Calculating the variance of SNP genotypes ...
Reading a list of given SNPs from [Data/GWAS/Nalls23andMe_2019/TMEM163/COJO/cojo-cond.txt].
Error: none of the given SNPs can be matched to the genotype and summary data.
An error occurs, please check the options or data
