[INFO]  Reading sumstats file...
[INFO]  Done in 9.09 seconds
[INFO]  7798414 SNPs are in the sumstats file
[INFO]  Removing 34202 HLA SNPs
[INFO]  7764212 SNPs with sumstats remained after all filtering stages
[INFO]  Saving munged sumstats of 7764212 SNPs to ./Data/GWAS/Nalls23andMe_2019/_genome_wide/PolyFun/sumstats_munged.parquet
[INFO]  Done
[INFO]  Reading sumstats file...
[INFO]  Reading sumstats file...
[INFO]  Reading sumstats file...
[INFO]  Done in 9.77 seconds
[INFO]  Reading sumstats file...
[INFO]  Done in 9.51 seconds
[INFO]  Reading sumstats file...
[INFO]  Reading sumstats file...
[INFO]  Done in 9.52 seconds
[INFO]  Reading sumstats file...
[INFO]  Done in 9.54 seconds
[INFO]  Reading sumstats file...
[INFO]  Done in 10.70 seconds
[INFO]  Reading sumstats file...
[INFO]  Reading sumstats file...
[INFO]  Reading sumstats file...
[INFO]  Done in 9.44 seconds
[INFO]  Reading sumstats file...
[INFO]  Done in 9.91 seconds
[INFO]  Reading sumstats file...
[INFO]  Done in 10.09 seconds
[INFO]  Reading sumstats file...
[INFO]  Reading sumstats file...
[INFO]  Reading sumstats file...
[INFO]  Reading sumstats file...
[INFO]  Reading sumstats file...
[INFO]  Done in 9.84 seconds
[INFO]  Reading sumstats file...
[INFO]  Done in 9.97 seconds
[INFO]  Reading sumstats file...
[INFO]  Done in 9.74 seconds
