*********************************************************************
* LD Score Regression (LDSC)
* Version 1.0.0
* (C) 2014-2015 Brendan Bulik-Sullivan and Hilary Finucane
* Broad Institute of MIT and Harvard / MIT Department of Mathematics
* GNU General Public License v3
*********************************************************************
Call: 
./ldsc.py \
--out /sc/orga/projects/pd-omics/tools/polyfun/output/PD_GWAS_LDSC/PD_GWAS_LDSC \
--h2 /sc/orga/projects/pd-omics/tools/polyfun/Nalls23andMe_2019.sumstats_munged.parquet \
--ref-ld-chr /sc/orga/projects/pd-omics/tools/polyfun/annotations/baselineLF2.2.UKB/baselineLF2.2.UKB. \
--w-ld-chr /sc/orga/projects/pd-omics/tools/polyfun/annotations/baselineLF2.2.UKB/weights.UKB. \
--overlap-annot  \
--frqfile-chr /sc/orga/projects/pd-omics/tools/polyfun/1000G_frq/1000G.mac5eur. \
--not-M-5-50  

Beginning analysis at Wed Dec 11 14:30:31 2019
The frequency file is unnecessary and is being ignored.
Reading summary statistics from /sc/orga/projects/pd-omics/tools/polyfun/Nalls23andMe_2019.sumstats_munged.parquet ...
Read summary statistics for 7764212 SNPs.
Dropped 13865 duplicated SNPs.
Reading reference panel LD Score from /sc/orga/projects/pd-omics/tools/polyfun/annotations/baselineLF2.2.UKB/baselineLF2.2.UKB.[1-22] ...
Read reference panel LD Scores for 19386297 SNPs.
Reading regression weight LD Score from /sc/orga/projects/pd-omics/tools/polyfun/annotations/baselineLF2.2.UKB/weights.UKB.[1-22] ...
Read regression weight LD Scores for 18275613 SNPs.
After merging with reference panel LD, 7715760 SNPs remain.
After merging with regression SNP LD, 7697657 SNPs remain.
Removed 0 SNPs with chi^2 > 1474.097 (7697657 SNPs remain)
Total Observed scale h2: 0.0258 (0.0092)
Categories: Coding_UCSC_lowfreq_0 Coding_UCSC_common_0 Coding_UCSC.flanking.500_lowfreq_0 Coding_UCSC.flanking.500_common_0 Conserved_LindbladToh_lowfreq_0 Conserved_LindbladToh_common_0 Conserved_LindbladToh.flanking.500_lowfreq_0 Conserved_LindbladToh.flanking.500_common_0 CTCF_Hoffman_lowfreq_0 CTCF_Hoffman_common_0 CTCF_Hoffman.flanking.500_lowfreq_0 CTCF_Hoffman.flanking.500_common_0 DGF_ENCODE_lowfreq_0 DGF_ENCODE_common_0 DGF_ENCODE.flanking.500_lowfreq_0 DGF_ENCODE.flanking.500_common_0 DHS_peaks_Trynka_lowfreq_0 DHS_peaks_Trynka_common_0 DHS_Trynka_lowfreq_0 DHS_Trynka_common_0 DHS_Trynka.flanking.500_lowfreq_0 DHS_Trynka.flanking.500_common_0 Enhancer_Andersson_lowfreq_0 Enhancer_Andersson_common_0 Enhancer_Andersson.flanking.500_lowfreq_0 Enhancer_Andersson.flanking.500_common_0 Enhancer_Hoffman_lowfreq_0 Enhancer_Hoffman_common_0 Enhancer_Hoffman.flanking.500_lowfreq_0 Enhancer_Hoffman.flanking.500_common_0 FetalDHS_Trynka_lowfreq_0 FetalDHS_Trynka_common_0 FetalDHS_Trynka.flanking.500_lowfreq_0 FetalDHS_Trynka.flanking.500_common_0 H3K27ac_Hnisz_lowfreq_0 H3K27ac_Hnisz_common_0 H3K27ac_Hnisz.flanking.500_lowfreq_0 H3K27ac_Hnisz.flanking.500_common_0 H3K27ac_PGC2_lowfreq_0 H3K27ac_PGC2_common_0 H3K27ac_PGC2.flanking.500_lowfreq_0 H3K27ac_PGC2.flanking.500_common_0 H3K4me1_peaks_Trynka_lowfreq_0 H3K4me1_peaks_Trynka_common_0 H3K4me1_Trynka_lowfreq_0 H3K4me1_Trynka_common_0 H3K4me1_Trynka.flanking.500_lowfreq_0 H3K4me1_Trynka.flanking.500_common_0 H3K4me3_peaks_Trynka_lowfreq_0 H3K4me3_peaks_Trynka_common_0 H3K4me3_Trynka_lowfreq_0 H3K4me3_Trynka_common_0 H3K4me3_Trynka.flanking.500_lowfreq_0 H3K4me3_Trynka.flanking.500_common_0 H3K9ac_peaks_Trynka_lowfreq_0 H3K9ac_peaks_Trynka_common_0 H3K9ac_Trynka_lowfreq_0 H3K9ac_Trynka_common_0 H3K9ac_Trynka.flanking.500_lowfreq_0 H3K9ac_Trynka.flanking.500_common_0 Intron_UCSC_lowfreq_0 Intron_UCSC_common_0 Intron_UCSC.flanking.500_lowfreq_0 Intron_UCSC.flanking.500_common_0 PromoterFlanking_Hoffman_lowfreq_0 PromoterFlanking_Hoffman_common_0 PromoterFlanking_Hoffman.flanking.500_lowfreq_0 PromoterFlanking_Hoffman.flanking.500_common_0 Promoter_UCSC_lowfreq_0 Promoter_UCSC_common_0 Promoter_UCSC.flanking.500_lowfreq_0 Promoter_UCSC.flanking.500_common_0 Repressed_Hoffman_lowfreq_0 Repressed_Hoffman_common_0 Repressed_Hoffman.flanking.500_lowfreq_0 Repressed_Hoffman.flanking.500_common_0 SuperEnhancer_Hnisz_lowfreq_0 SuperEnhancer_Hnisz_common_0 SuperEnhancer_Hnisz.flanking.500_lowfreq_0 SuperEnhancer_Hnisz.flanking.500_common_0 TFBS_ENCODE_lowfreq_0 TFBS_ENCODE_common_0 TFBS_ENCODE.flanking.500_lowfreq_0 TFBS_ENCODE.flanking.500_common_0 Transcr_Hoffman_lowfreq_0 Transcr_Hoffman_common_0 Transcr_Hoffman.flanking.500_lowfreq_0 Transcr_Hoffman.flanking.500_common_0 TSS_Hoffman_lowfreq_0 TSS_Hoffman_common_0 TSS_Hoffman.flanking.500_lowfreq_0 TSS_Hoffman.flanking.500_common_0 UTR_3_UCSC_lowfreq_0 UTR_3_UCSC_common_0 UTR_3_UCSC.flanking.500_lowfreq_0 UTR_3_UCSC.flanking.500_common_0 UTR_5_UCSC_lowfreq_0 UTR_5_UCSC_common_0 UTR_5_UCSC.flanking.500_lowfreq_0 UTR_5_UCSC.flanking.500_common_0 WeakEnhancer_Hoffman_lowfreq_0 WeakEnhancer_Hoffman_common_0 WeakEnhancer_Hoffman.flanking.500_lowfreq_0 WeakEnhancer_Hoffman.flanking.500_common_0 GERP.NS_lowfreq_0 GERP.NS_common_0 GERP.RSsup4_lowfreq_0 GERP.RSsup4_common_0 MAFbin_lowfreq_1_0 MAFbin_lowfreq_2_0 MAFbin_lowfreq_3_0 MAFbin_lowfreq_4_0 MAFbin_lowfreq_5_0 MAFbin_lowfreq_6_0 MAFbin_lowfreq_7_0 MAFbin_lowfreq_8_0 MAFbin_lowfreq_9_0 MAFbin_lowfreq_10_0 MAFbin_frequent_1_0 MAFbin_frequent_2_0 MAFbin_frequent_3_0 MAFbin_frequent_4_0 MAFbin_frequent_5_0 MAFbin_frequent_6_0 MAFbin_frequent_7_0 MAFbin_frequent_8_0 MAFbin_frequent_9_0 MAFbin_frequent_10_0 MAF_Adj_Predicted_Allele_Age_common_0 MAF_Adj_LLD_AFR_lowfreq_0 MAF_Adj_LLD_AFR_common_0 Recomb_Rate_10kb_lowfreq_0 Recomb_Rate_10kb_common_0 Nucleotide_Diversity_10kb_lowfreq_0 Nucleotide_Diversity_10kb_common_0 Backgrd_Selection_Stat_lowfreq_0 Backgrd_Selection_Stat_common_0 CpG_Content_50kb_lowfreq_0 CpG_Content_50kb_common_0 MAF_Adj_ASMC_lowfreq_0 MAF_Adj_ASMC_common_0 GTEx_eQTL_MaxCPP_common_0 BLUEPRINT_H3K27acQTL_MaxCPP_common_0 BLUEPRINT_H3K4me1QTL_MaxCPP_common_0 BLUEPRINT_DNA_methylation_MaxCPP_common_0 synonymous_lowfreq_0 synonymous_common_0 non_synonymous_lowfreq_0 non_synonymous_common_0 Conserved_Vertebrate_phastCons46way_lowfreq_0 Conserved_Vertebrate_phastCons46way_common_0 Conserved_Vertebrate_phastCons46way.flanking.500_lowfreq_0 Conserved_Vertebrate_phastCons46way.flanking.500_common_0 Conserved_Mammal_phastCons46way_lowfreq_0 Conserved_Mammal_phastCons46way_common_0 Conserved_Mammal_phastCons46way.flanking.500_lowfreq_0 Conserved_Mammal_phastCons46way.flanking.500_common_0 Conserved_Primate_phastCons46way_lowfreq_0 Conserved_Primate_phastCons46way_common_0 Conserved_Primate_phastCons46way.flanking.500_lowfreq_0 Conserved_Primate_phastCons46way.flanking.500_common_0 BivFlnk_lowfreq_0 BivFlnk_common_0 BivFlnk.flanking.500_lowfreq_0 BivFlnk.flanking.500_common_0 Human_Promoter_Villar_lowfreq_0 Human_Promoter_Villar_common_0 Human_Promoter_Villar.flanking.500_lowfreq_0 Human_Promoter_Villar.flanking.500_common_0 Human_Enhancer_Villar_lowfreq_0 Human_Enhancer_Villar_common_0 Human_Enhancer_Villar.flanking.500_lowfreq_0 Human_Enhancer_Villar.flanking.500_common_0 Ancient_Sequence_Age_Human_Promoter_lowfreq_0 Ancient_Sequence_Age_Human_Promoter_common_0 Ancient_Sequence_Age_Human_Promoter.flanking.500_lowfreq_0 Ancient_Sequence_Age_Human_Promoter.flanking.500_common_0 Ancient_Sequence_Age_Human_Enhancer_lowfreq_0 Ancient_Sequence_Age_Human_Enhancer_common_0 Ancient_Sequence_Age_Human_Enhancer.flanking.500_lowfreq_0 Ancient_Sequence_Age_Human_Enhancer.flanking.500_common_0 Human_Enhancer_Villar_Species_Enhancer_Count_lowfreq_0 Human_Enhancer_Villar_Species_Enhancer_Count_common_0 Human_Promoter_Villar_ExAC_lowfreq_0 Human_Promoter_Villar_ExAC_common_0 Human_Promoter_Villar_ExAC.flanking.500_lowfreq_0 Human_Promoter_Villar_ExAC.flanking.500_common_0
Lambda GC: 1.2152e-07
Mean Chi^2: 1.5313e-07
Intercept: 0.982 (0.0066)
Ratio: NA (mean chi^2 < 1)
Reading annot matrix from /sc/orga/projects/pd-omics/tools/polyfun/annotations/baselineLF2.2.UKB/baselineLF2.2.UKB.[1-22] ...
Results printed to /sc/orga/projects/pd-omics/tools/polyfun/output/PD_GWAS_LDSC/PD_GWAS_LDSC.results
Analysis finished at Wed Dec 11 14:40:11 2019
Total time elapsed: 9.0m:40.129999999999995s
