PLINK v1.90b6.9 64-bit (4 Mar 2019)
Options in effect:
  --bfile ./LRRK2/plink/plink
  --extract ./LRRK2/plink/SNPs.txt
  --out ./LRRK2/plink/plink
  --r square bin

Hostname: brians-mbp.19e98.mountsinai.org
Working directory: /Users/schilder/Desktop/Fine_Mapping
Start time: Wed Oct 30 15:31:48 2019

Random number seed: 1572463908
8192 MB RAM detected; reserving 4096 MB for main workspace.
2372 variants loaded from .bim file.
379 people (0 males, 0 females, 379 ambiguous) loaded from .fam.
Ambiguous sex IDs written to ./LRRK2/plink/plink.nosex .
--extract: 2372 variants remaining.
Warning: At least 6 duplicate IDs in --extract file.
Using up to 4 threads (change this with --threads).
Before main variant filters, 379 founders and 0 nonfounders present.
Calculating allele frequencies... done.
2372 variants and 379 people pass filters and QC.
Note: No phenotypes present.
--r square bin to ./LRRK2/plink/plink.ld.bin ... done.

End time: Wed Oct 30 15:31:48 2019
