This file contains any messages produced by compilers while
running configure, to aid debugging if configure makes a mistake.

It was created by fgwas configure 0.03, which was
generated by GNU Autoconf 2.69.  Invocation command line was

  $ ./configure 

## --------- ##
## Platform. ##
## --------- ##

hostname = Brians-MBP
uname -m = x86_64
uname -r = 18.6.0
uname -s = Darwin
uname -v = Darwin Kernel Version 18.6.0: Thu Apr 25 23:16:27 PDT 2019; root:xnu-4903.261.4~2/RELEASE_X86_64

/usr/bin/uname -p = i386
/bin/uname -X     = unknown

/bin/arch              = unknown
/usr/bin/arch -k       = unknown
/usr/convex/getsysinfo = unknown
/usr/bin/hostinfo      = Mach kernel version:
	 Darwin Kernel Version 18.6.0: Thu Apr 25 23:16:27 PDT 2019; root:xnu-4903.261.4~2/RELEASE_X86_64
Kernel configured for up to 4 processors.
2 processors are physically available.
4 processors are logically available.
Processor type: x86_64h (Intel x86-64h Haswell)
Processors active: 0 1 2 3
Primary memory available: 8.00 gigabytes
Default processor set: 485 tasks, 2326 threads, 4 processors
Load average: 1.33, Mach factor: 2.66
/bin/machine           = unknown
/usr/bin/oslevel       = unknown
/bin/universe          = unknown

PATH: /usr/local/fsl/bin
PATH: /opt/local/bin
PATH: /opt/local/sbin
PATH: /Library/Frameworks/Python.framework/Versions/3.7/bin
PATH: ~/.dotnet/tools
PATH: /usr/local/bin
PATH: /usr/bin
PATH: /bin
PATH: /usr/sbin
PATH: /sbin
PATH: /opt/X11/bin
PATH: /usr/local/share/dotnet
PATH: /Library/Frameworks/Mono.framework/Versions/Current/Commands


## ----------- ##
## Core tests. ##
## ----------- ##

configure:1957: checking for g++
configure:1973: found /usr/bin/g++
configure:1984: result: g++
configure:2011: checking for C++ compiler version
configure:2020: g++ --version >&5
Apple LLVM version 10.0.1 (clang-1001.0.46.4)
Target: x86_64-apple-darwin18.6.0
Thread model: posix
InstalledDir: /Applications/Xcode.app/Contents/Developer/Toolchains/XcodeDefault.xctoolchain/usr/bin
Configured with: --prefix=/Applications/Xcode.app/Contents/Developer/usr --with-gxx-include-dir=/Applications/Xcode.app/Contents/Developer/Platforms/MacOSX.platform/Developer/SDKs/MacOSX10.14.sdk/usr/include/c++/4.2.1
configure:2031: $? = 0
configure:2020: g++ -v >&5
Configured with: --prefix=/Applications/Xcode.app/Contents/Developer/usr --with-gxx-include-dir=/Applications/Xcode.app/Contents/Developer/Platforms/MacOSX.platform/Developer/SDKs/MacOSX10.14.sdk/usr/include/c++/4.2.1
Apple LLVM version 10.0.1 (clang-1001.0.46.4)
Target: x86_64-apple-darwin18.6.0
Thread model: posix
InstalledDir: /Applications/Xcode.app/Contents/Developer/Toolchains/XcodeDefault.xctoolchain/usr/bin
configure:2031: $? = 0
configure:2020: g++ -V >&5
clang: error: unsupported option '-V -Wno-atomic-implicit-seq-cst'
clang: error: no input files
configure:2031: $? = 1
configure:2020: g++ -qversion >&5
clang: error: unknown argument '-qversion', did you mean '--version'?
clang: error: no input files
configure:2031: $? = 1
configure:2051: checking whether the C++ compiler works
configure:2073: g++    conftest.cpp  >&5
configure:2077: $? = 0
configure:2125: result: yes
configure:2128: checking for C++ compiler default output file name
configure:2130: result: a.out
configure:2136: checking for suffix of executables
configure:2143: g++ -o conftest    conftest.cpp  >&5
configure:2147: $? = 0
configure:2169: result: 
configure:2191: checking whether we are cross compiling
configure:2199: g++ -o conftest    conftest.cpp  >&5
configure:2203: $? = 0
configure:2210: ./conftest
configure:2214: $? = 0
configure:2229: result: no
configure:2234: checking for suffix of object files
configure:2256: g++ -c   conftest.cpp >&5
configure:2260: $? = 0
configure:2281: result: o
configure:2285: checking whether we are using the GNU C++ compiler
configure:2304: g++ -c   conftest.cpp >&5
configure:2304: $? = 0
configure:2313: result: yes
configure:2322: checking whether g++ accepts -g
configure:2342: g++ -c -g  conftest.cpp >&5
configure:2342: $? = 0
configure:2383: result: yes
configure:2451: checking for a BSD-compatible install
configure:2519: result: /usr/bin/install -c
configure:2530: checking whether build environment is sane
configure:2585: result: yes
configure:2736: checking for a thread-safe mkdir -p
configure:2775: result: ./install-sh -c -d
configure:2782: checking for gawk
configure:2812: result: no
configure:2782: checking for mawk
configure:2812: result: no
configure:2782: checking for nawk
configure:2812: result: no
configure:2782: checking for awk
configure:2798: found /usr/bin/awk
configure:2809: result: awk
configure:2820: checking whether make sets $(MAKE)
configure:2842: result: yes
configure:2872: checking for style of include used by make
configure:2900: result: GNU
configure:2934: checking whether make supports nested variables
configure:2951: result: yes
configure:3030: checking how to create a pax tar archive
configure:3041: tar --version
bsdtar 2.8.3 - libarchive 2.8.3
configure:3044: $? = 0
configure:3084: tardir=conftest.dir && eval tar --format=posix -chf - "$tardir" >conftest.tar
configure:3087: $? = 0
configure:3091: tar -xf - <conftest.tar
configure:3094: $? = 0
configure:3096: cat conftest.dir/file
GrepMe
configure:3099: $? = 0
configure:3112: result: gnutar
configure:3121: checking dependency style of g++
configure:3232: result: gcc3
configure:3380: checking for boostlib >= 1.42
configure:3449: g++ -c -g -O2   -I/usr/local/include conftest.cpp >&5
configure:3449: $? = 0
configure:3451: result: yes
configure:3645: checking for gcc
configure:3661: found /usr/bin/gcc
configure:3672: result: gcc
configure:3901: checking for C compiler version
configure:3910: gcc --version >&5
Apple LLVM version 10.0.1 (clang-1001.0.46.4)
Target: x86_64-apple-darwin18.6.0
Thread model: posix
InstalledDir: /Applications/Xcode.app/Contents/Developer/Toolchains/XcodeDefault.xctoolchain/usr/bin
Configured with: --prefix=/Applications/Xcode.app/Contents/Developer/usr --with-gxx-include-dir=/Applications/Xcode.app/Contents/Developer/Platforms/MacOSX.platform/Developer/SDKs/MacOSX10.14.sdk/usr/include/c++/4.2.1
configure:3921: $? = 0
configure:3910: gcc -v >&5
Configured with: --prefix=/Applications/Xcode.app/Contents/Developer/usr --with-gxx-include-dir=/Applications/Xcode.app/Contents/Developer/Platforms/MacOSX.platform/Developer/SDKs/MacOSX10.14.sdk/usr/include/c++/4.2.1
Apple LLVM version 10.0.1 (clang-1001.0.46.4)
Target: x86_64-apple-darwin18.6.0
Thread model: posix
InstalledDir: /Applications/Xcode.app/Contents/Developer/Toolchains/XcodeDefault.xctoolchain/usr/bin
configure:3921: $? = 0
configure:3910: gcc -V >&5
clang: error: unsupported option '-V -Wno-atomic-implicit-seq-cst'
clang: error: no input files
configure:3921: $? = 1
configure:3910: gcc -qversion >&5
clang: error: unknown argument '-qversion', did you mean '--version'?
clang: error: no input files
configure:3921: $? = 1
configure:3925: checking whether we are using the GNU C compiler
configure:3944: gcc -c    conftest.c >&5
configure:3944: $? = 0
configure:3953: result: yes
configure:3962: checking whether gcc accepts -g
configure:3982: gcc -c -g   conftest.c >&5
configure:3982: $? = 0
configure:4023: result: yes
configure:4040: checking for gcc option to accept ISO C89
configure:4103: gcc  -c -g -O2   conftest.c >&5
configure:4103: $? = 0
configure:4116: result: none needed
configure:4141: checking whether gcc understands -c and -o together
configure:4163: gcc -c conftest.c -o conftest2.o
configure:4166: $? = 0
configure:4163: gcc -c conftest.c -o conftest2.o
configure:4166: $? = 0
configure:4178: result: yes
configure:4197: checking dependency style of gcc
configure:4308: result: gcc3
configure:4324: checking for gzopen in -lz
configure:4349: gcc -o conftest -g -O2    conftest.c -lz   >&5
configure:4349: $? = 0
configure:4358: result: yes
configure:4371: checking for cos in -lm
configure:4396: gcc -o conftest -g -O2    conftest.c -lm  -lz  >&5
conftest.c:20:6: warning: incompatible redeclaration of library function 'cos' [-Wincompatible-library-redeclaration]
char cos ();
     ^
conftest.c:20:6: note: 'cos' is a builtin with type 'double (double)'
1 warning generated.
configure:4396: $? = 0
configure:4405: result: yes
configure:4416: checking for cblas_dgemm in -lgslcblas
configure:4441: gcc -o conftest -g -O2    conftest.c -lgslcblas  -lm -lz  >&5
configure:4441: $? = 0
configure:4450: result: yes
configure:4463: checking for gsl_blas_dgemm in -lgsl
configure:4488: gcc -o conftest -g -O2    conftest.c -lgsl  -lgslcblas -lm -lz  >&5
configure:4488: $? = 0
configure:4497: result: yes
configure:4621: checking that generated files are newer than configure
configure:4627: result: done
configure:4654: creating ./config.status

## ---------------------- ##
## Running config.status. ##
## ---------------------- ##

This file was extended by fgwas config.status 0.03, which was
generated by GNU Autoconf 2.69.  Invocation command line was

  CONFIG_FILES    = 
  CONFIG_HEADERS  = 
  CONFIG_LINKS    = 
  CONFIG_COMMANDS = 
  $ ./config.status 

on Brians-MBP

config.status:854: creating Makefile
config.status:854: creating src/Makefile
config.status:854: creating config.h
config.status:1035: config.h is unchanged
config.status:1083: executing depfiles commands

## ---------------- ##
## Cache variables. ##
## ---------------- ##

ac_cv_c_compiler_gnu=yes
ac_cv_cxx_compiler_gnu=yes
ac_cv_env_CCC_set=
ac_cv_env_CCC_value=
ac_cv_env_CC_set=
ac_cv_env_CC_value=
ac_cv_env_CFLAGS_set=
ac_cv_env_CFLAGS_value=
ac_cv_env_CPPFLAGS_set=
ac_cv_env_CPPFLAGS_value=
ac_cv_env_CXXFLAGS_set=
ac_cv_env_CXXFLAGS_value=
ac_cv_env_CXX_set=
ac_cv_env_CXX_value=
ac_cv_env_LDFLAGS_set=
ac_cv_env_LDFLAGS_value=
ac_cv_env_LIBS_set=
ac_cv_env_LIBS_value=
ac_cv_env_build_alias_set=
ac_cv_env_build_alias_value=
ac_cv_env_host_alias_set=
ac_cv_env_host_alias_value=
ac_cv_env_target_alias_set=
ac_cv_env_target_alias_value=
ac_cv_lib_gsl_gsl_blas_dgemm=yes
ac_cv_lib_gslcblas_cblas_dgemm=yes
ac_cv_lib_m_cos=yes
ac_cv_lib_z_gzopen=yes
ac_cv_objext=o
ac_cv_path_install='/usr/bin/install -c'
ac_cv_prog_AWK=awk
ac_cv_prog_ac_ct_CC=gcc
ac_cv_prog_ac_ct_CXX=g++
ac_cv_prog_cc_c89=
ac_cv_prog_cc_g=yes
ac_cv_prog_cxx_g=yes
ac_cv_prog_make_make_set=yes
am_cv_CC_dependencies_compiler_type=gcc3
am_cv_CXX_dependencies_compiler_type=gcc3
am_cv_make_support_nested_variables=yes
am_cv_prog_cc_c_o=yes
am_cv_prog_tar_pax=gnutar

## ----------------- ##
## Output variables. ##
## ----------------- ##

ACLOCAL='${SHELL} /Users/schilder/Desktop/Fine_Mapping/echolocatoR/tools/fgwas-0.3.6/missing aclocal-1.14'
AMDEPBACKSLASH='\'
AMDEP_FALSE='#'
AMDEP_TRUE=''
AMTAR='$${TAR-tar}'
AM_BACKSLASH='\'
AM_DEFAULT_V='$(AM_DEFAULT_VERBOSITY)'
AM_DEFAULT_VERBOSITY='1'
AM_V='$(V)'
AUTOCONF='${SHELL} /Users/schilder/Desktop/Fine_Mapping/echolocatoR/tools/fgwas-0.3.6/missing autoconf'
AUTOHEADER='${SHELL} /Users/schilder/Desktop/Fine_Mapping/echolocatoR/tools/fgwas-0.3.6/missing autoheader'
AUTOMAKE='${SHELL} /Users/schilder/Desktop/Fine_Mapping/echolocatoR/tools/fgwas-0.3.6/missing automake-1.14'
AWK='awk'
BOOST_CPPFLAGS='-I/usr/local/include'
BOOST_LDFLAGS='-L/usr/local/lib'
CC='gcc'
CCDEPMODE='depmode=gcc3'
CFLAGS='-g -O2'
CPPFLAGS=' '
CXX='g++'
CXXDEPMODE='depmode=gcc3'
CXXFLAGS='-g -O2'
CYGPATH_W='echo'
DEFS='-DHAVE_CONFIG_H'
DEPDIR='.deps'
ECHO_C='\c'
ECHO_N=''
ECHO_T=''
EXEEXT=''
INSTALL_DATA='${INSTALL} -m 644'
INSTALL_PROGRAM='${INSTALL}'
INSTALL_SCRIPT='${INSTALL}'
INSTALL_STRIP_PROGRAM='$(install_sh) -c -s'
LDFLAGS=''
LIBOBJS=''
LIBS='-lgsl -lgslcblas -lm -lz '
LTLIBOBJS=''
MAKEINFO='${SHELL} /Users/schilder/Desktop/Fine_Mapping/echolocatoR/tools/fgwas-0.3.6/missing makeinfo'
MKDIR_P='./install-sh -c -d'
OBJEXT='o'
PACKAGE='fgwas'
PACKAGE_BUGREPORT='joepickrell@gmail.com'
PACKAGE_NAME='fgwas'
PACKAGE_STRING='fgwas 0.03'
PACKAGE_TARNAME='fgwas'
PACKAGE_URL='http://gwas.googlecode.com/'
PACKAGE_VERSION='0.03'
PATH_SEPARATOR=':'
SET_MAKE=''
SHELL='/bin/sh'
STRIP=''
VERSION='0.03'
ac_ct_CC='gcc'
ac_ct_CXX='g++'
am__EXEEXT_FALSE=''
am__EXEEXT_TRUE='#'
am__fastdepCC_FALSE='#'
am__fastdepCC_TRUE=''
am__fastdepCXX_FALSE='#'
am__fastdepCXX_TRUE=''
am__include='include'
am__isrc=''
am__leading_dot='.'
am__nodep='_no'
am__quote=''
am__tar='tar --format=posix -chf - "$$tardir"'
am__untar='tar -xf -'
bindir='${exec_prefix}/bin'
build_alias=''
datadir='${datarootdir}'
datarootdir='${prefix}/share'
docdir='${datarootdir}/doc/${PACKAGE_TARNAME}'
dvidir='${docdir}'
exec_prefix='${prefix}'
host_alias=''
htmldir='${docdir}'
includedir='${prefix}/include'
infodir='${datarootdir}/info'
install_sh='${SHELL} /Users/schilder/Desktop/Fine_Mapping/echolocatoR/tools/fgwas-0.3.6/install-sh'
libdir='${exec_prefix}/lib'
libexecdir='${exec_prefix}/libexec'
localedir='${datarootdir}/locale'
localstatedir='${prefix}/var'
mandir='${datarootdir}/man'
mkdir_p='$(MKDIR_P)'
oldincludedir='/usr/include'
pdfdir='${docdir}'
prefix='/usr/local'
program_transform_name='s,x,x,'
psdir='${docdir}'
sbindir='${exec_prefix}/sbin'
sharedstatedir='${prefix}/com'
sysconfdir='${prefix}/etc'
target_alias=''

## ----------- ##
## confdefs.h. ##
## ----------- ##

/* confdefs.h */
#define PACKAGE_NAME "fgwas"
#define PACKAGE_TARNAME "fgwas"
#define PACKAGE_VERSION "0.03"
#define PACKAGE_STRING "fgwas 0.03"
#define PACKAGE_BUGREPORT "joepickrell@gmail.com"
#define PACKAGE_URL "http://gwas.googlecode.com/"
#define PACKAGE "fgwas"
#define VERSION "0.03"
#define HAVE_BOOST /**/
#define HAVE_LIBZ 1
#define HAVE_LIBM 1
#define HAVE_LIBGSLCBLAS 1
#define HAVE_LIBGSL 1

configure: exit 0
