[1] "number of loci: 3, number of SNPs in all loci:18"
[1] "## lambda = 3.0517578125e-05 alpha = NA"
[1] "# fold 1"
[1] "logLik of fold 1 is 39.2052803096177"
[1] "# fold 2"
[1] "logLik of fold 2 is 22.3680163876599"
[1] "# fold 3"
[1] "logLik of fold 3 is 111.870097605969"
[1] "lambda = 3.0517578125e-05 alpha = NA cvlogLik = 173.443394303246"
[1] "current best: lambda = 3.0517578125e-05 alpha = NA cvlogLik = 173.443394303246"
[1] "## lambda = 0.0001220703125 alpha = NA"
[1] "# fold 1"
[1] "logLik of fold 1 is 39.2052803096177"
[1] "# fold 2"
[1] "logLik of fold 2 is 22.3680163876599"
[1] "# fold 3"
[1] "logLik of fold 3 is 111.870097605969"
[1] "lambda = 0.0001220703125 alpha = NA cvlogLik = 173.443394303246"
[1] "current best: lambda = 0.0001220703125 alpha = NA cvlogLik = 173.443394303246"
[1] "## lambda = 0.00048828125 alpha = NA"
[1] "# fold 1"
[1] "logLik of fold 1 is 39.2053643989396"
[1] "# fold 2"
[1] "logLik of fold 2 is 22.3680163876599"
[1] "# fold 3"
[1] "logLik of fold 3 is 111.870097605969"
[1] "lambda = 0.00048828125 alpha = NA cvlogLik = 173.443478392568"
[1] "current best: lambda = 0.00048828125 alpha = NA cvlogLik = 173.443478392568"
[1] "## lambda = 0.001953125 alpha = NA"
[1] "# fold 1"
[1] "logLik of fold 1 is 39.2058822502335"
[1] "# fold 2"
[1] "logLik of fold 2 is 22.36855084223"
[1] "# fold 3"
[1] "logLik of fold 3 is 111.818149067781"
[1] "lambda = 0.001953125 alpha = NA cvlogLik = 173.392582160245"
[1] "current best: lambda = 0.00048828125 alpha = NA cvlogLik = 173.443478392568"
[1] "## lambda = 0.0078125 alpha = NA"
[1] "# fold 1"
[1] "logLik of fold 1 is 39.2077541179206"
[1] "# fold 2"
[1] "logLik of fold 2 is 22.3683849797628"
[1] "# fold 3"
[1] "logLik of fold 3 is 111.799657036938"
[1] "lambda = 0.0078125 alpha = NA cvlogLik = 173.375796134622"
[1] "current best: lambda = 0.00048828125 alpha = NA cvlogLik = 173.443478392568"
[1] "## lambda = 0.03125 alpha = NA"
[1] "# fold 1"
[1] "logLik of fold 1 is 39.2118528134161"
[1] "# fold 2"
[1] "logLik of fold 2 is 22.3675963386968"
[1] "# fold 3"
[1] "logLik of fold 3 is 111.754381002153"
[1] "lambda = 0.03125 alpha = NA cvlogLik = 173.333830154266"
[1] "current best: lambda = 0.00048828125 alpha = NA cvlogLik = 173.443478392568"
[1] "## lambda = 0.125 alpha = NA"
[1] "# fold 1"
[1] "logLik of fold 1 is 39.1625728738408"
[1] "# fold 2"
[1] "logLik of fold 2 is 22.3641001703754"
[1] "# fold 3"
[1] "logLik of fold 3 is 111.103597206886"
[1] "lambda = 0.125 alpha = NA cvlogLik = 172.630270251102"
[1] "current best: lambda = 0.00048828125 alpha = NA cvlogLik = 173.443478392568"
[1] "## lambda = 0.5 alpha = NA"
[1] "# fold 1"
[1] "logLik of fold 1 is 39.12775523792"
[1] "# fold 2"
[1] "logLik of fold 2 is 22.3861977842771"
[1] "# fold 3"
[1] "logLik of fold 3 is 110.930980314091"
[1] "lambda = 0.5 alpha = NA cvlogLik = 172.444933336288"
[1] "current best: lambda = 0.00048828125 alpha = NA cvlogLik = 173.443478392568"
[1] "## lambda = 2 alpha = NA"
[1] "# fold 1"
[1] "logLik of fold 1 is 38.8668716380398"
[1] "# fold 2"
[1] "logLik of fold 2 is 22.4656495362179"
[1] "# fold 3"
[1] "logLik of fold 3 is 110.930980314091"
[1] "lambda = 2 alpha = NA cvlogLik = 172.263501488349"
[1] "current best: lambda = 0.00048828125 alpha = NA cvlogLik = 173.443478392568"
[1] "## lambda = 8 alpha = NA"
[1] "# fold 1"
[1] "logLik of fold 1 is 38.8668716380398"
[1] "# fold 2"
[1] "logLik of fold 2 is 22.4656495362179"
[1] "# fold 3"
[1] "logLik of fold 3 is 110.930980314091"
[1] "lambda = 8 alpha = NA cvlogLik = 172.263501488349"
[1] "current best: lambda = 0.00048828125 alpha = NA cvlogLik = 173.443478392568"
[1] "## lambda = 32 alpha = NA"
[1] "# fold 1"
[1] "logLik of fold 1 is 38.8668716380398"
[1] "# fold 2"
[1] "logLik of fold 2 is 22.4656495362179"
[1] "# fold 3"
[1] "logLik of fold 3 is 110.930980314091"
[1] "lambda = 32 alpha = NA cvlogLik = 172.263501488349"
[1] "current best: lambda = 0.00048828125 alpha = NA cvlogLik = 173.443478392568"
[1] "## lambda = 100 alpha = NA"
[1] "# fold 1"
[1] "logLik of fold 1 is 38.8668716380398"
[1] "# fold 2"
[1] "logLik of fold 2 is 22.4656495362179"
[1] "# fold 3"
[1] "logLik of fold 3 is 110.930980314091"
[1] "lambda = 100 alpha = NA cvlogLik = 172.263501488349"
[1] "current best: lambda = 0.00048828125 alpha = NA cvlogLik = 173.443478392568"
[1] "## lambda = 1000 alpha = NA"
[1] "# fold 1"
[1] "logLik of fold 1 is 38.8668716380398"
[1] "# fold 2"
[1] "logLik of fold 2 is 22.4656495362179"
[1] "# fold 3"
[1] "logLik of fold 3 is 110.930980314091"
[1] "lambda = 1000 alpha = NA cvlogLik = 172.263501488349"
[1] "current best: lambda = 0.00048828125 alpha = NA cvlogLik = 173.443478392568"
[1] "## lambda = 10000 alpha = NA"
[1] "# fold 1"
[1] "logLik of fold 1 is 38.8668716380398"
[1] "# fold 2"
[1] "logLik of fold 2 is 22.4656495362179"
[1] "# fold 3"
[1] "logLik of fold 3 is 110.930980314091"
[1] "lambda = 10000 alpha = NA cvlogLik = 172.263501488349"
[1] "current best: lambda = 0.00048828125 alpha = NA cvlogLik = 173.443478392568"
[1] "## lambda = 1e+05 alpha = NA"
[1] "# fold 1"
[1] "logLik of fold 1 is 38.8668716380398"
[1] "# fold 2"
[1] "logLik of fold 2 is 22.4656495362179"
[1] "# fold 3"
[1] "logLik of fold 3 is 110.930980314091"
[1] "lambda = 1e+05 alpha = NA cvlogLik = 172.263501488349"
[1] "current best: lambda = 0.00048828125 alpha = NA cvlogLik = 173.443478392568"
[1] "## lambda = 1e+06 alpha = NA"
[1] "# fold 1"
[1] "logLik of fold 1 is 38.8668716380398"
[1] "# fold 2"
[1] "logLik of fold 2 is 22.4656495362179"
[1] "# fold 3"
[1] "logLik of fold 3 is 110.930980314091"
[1] "lambda = 1e+06 alpha = NA cvlogLik = 172.263501488349"
[1] "current best: lambda = 0.00048828125 alpha = NA cvlogLik = 173.443478392568"
[1] "total time used"
   user  system elapsed 
 21.196   0.083  22.406 
