[1] "number of loci: 3, number of SNPs in all loci:18"
[1] "## lambda = 3.0517578125e-05 alpha = NA"
[1] "# fold 1"
[1] "logLik of fold 1 is 142.595590537459"
[1] "# fold 2"
[1] "logLik of fold 2 is 44.8755770680835"
[1] "# fold 3"
[1] "logLik of fold 3 is 25.8239269628537"
[1] "lambda = 3.0517578125e-05 alpha = NA cvlogLik = 213.295094568396"
[1] "current best: lambda = 3.0517578125e-05 alpha = NA cvlogLik = 213.295094568396"
[1] "## lambda = 0.0001220703125 alpha = NA"
[1] "# fold 1"
[1] "logLik of fold 1 is 142.595590537459"
[1] "# fold 2"
[1] "logLik of fold 2 is 44.8755770680835"
[1] "# fold 3"
[1] "logLik of fold 3 is 25.8239269628537"
[1] "lambda = 0.0001220703125 alpha = NA cvlogLik = 213.295094568396"
[1] "current best: lambda = 0.0001220703125 alpha = NA cvlogLik = 213.295094568396"
[1] "## lambda = 0.00048828125 alpha = NA"
[1] "# fold 1"
[1] "logLik of fold 1 is 142.595590537459"
[1] "# fold 2"
[1] "logLik of fold 2 is 44.8755770680835"
[1] "# fold 3"
[1] "logLik of fold 3 is 25.8239269628537"
[1] "lambda = 0.00048828125 alpha = NA cvlogLik = 213.295094568396"
[1] "current best: lambda = 0.00048828125 alpha = NA cvlogLik = 213.295094568396"
[1] "## lambda = 0.001953125 alpha = NA"
[1] "# fold 1"
[1] "logLik of fold 1 is 142.587458149717"
[1] "# fold 2"
[1] "logLik of fold 2 is 44.8751016957061"
[1] "# fold 3"
[1] "logLik of fold 3 is 25.8241210490698"
[1] "lambda = 0.001953125 alpha = NA cvlogLik = 213.286680894493"
[1] "current best: lambda = 0.00048828125 alpha = NA cvlogLik = 213.295094568396"
[1] "## lambda = 0.0078125 alpha = NA"
[1] "# fold 1"
[1] "logLik of fold 1 is 142.518016031981"
[1] "# fold 2"
[1] "logLik of fold 2 is 44.8731525424256"
[1] "# fold 3"
[1] "logLik of fold 3 is 25.8263726486725"
[1] "lambda = 0.0078125 alpha = NA cvlogLik = 213.21754122308"
[1] "current best: lambda = 0.00048828125 alpha = NA cvlogLik = 213.295094568396"
[1] "## lambda = 0.03125 alpha = NA"
[1] "# fold 1"
[1] "logLik of fold 1 is 142.037823899813"
[1] "# fold 2"
[1] "logLik of fold 2 is 44.861551061229"
[1] "# fold 3"
[1] "logLik of fold 3 is 25.8348846847466"
[1] "lambda = 0.03125 alpha = NA cvlogLik = 212.734259645788"
[1] "current best: lambda = 0.00048828125 alpha = NA cvlogLik = 213.295094568396"
[1] "## lambda = 0.125 alpha = NA"
[1] "# fold 1"
[1] "logLik of fold 1 is 140.665290409642"
[1] "# fold 2"
[1] "logLik of fold 2 is 44.7296617284051"
[1] "# fold 3"
[1] "logLik of fold 3 is 25.8529971661127"
[1] "lambda = 0.125 alpha = NA cvlogLik = 211.24794930416"
[1] "current best: lambda = 0.00048828125 alpha = NA cvlogLik = 213.295094568396"
[1] "## lambda = 0.5 alpha = NA"
[1] "# fold 1"
[1] "logLik of fold 1 is 142.344337027396"
[1] "# fold 2"
[1] "logLik of fold 2 is 44.5486199160796"
[1] "# fold 3"
[1] "logLik of fold 3 is 26.0251980873245"
[1] "lambda = 0.5 alpha = NA cvlogLik = 212.918155030801"
[1] "current best: lambda = 0.00048828125 alpha = NA cvlogLik = 213.295094568396"
[1] "## lambda = 2 alpha = NA"
[1] "# fold 1"
[1] "logLik of fold 1 is 142.344337027396"
[1] "# fold 2"
[1] "logLik of fold 2 is 44.3100945342208"
[1] "# fold 3"
[1] "logLik of fold 3 is 26.2532864562776"
[1] "lambda = 2 alpha = NA cvlogLik = 212.907718017895"
[1] "current best: lambda = 0.00048828125 alpha = NA cvlogLik = 213.295094568396"
[1] "## lambda = 8 alpha = NA"
[1] "# fold 1"
[1] "logLik of fold 1 is 142.344337027396"
[1] "# fold 2"
[1] "logLik of fold 2 is 44.3100945342208"
[1] "# fold 3"
[1] "logLik of fold 3 is 26.2532864562776"
[1] "lambda = 8 alpha = NA cvlogLik = 212.907718017895"
[1] "current best: lambda = 0.00048828125 alpha = NA cvlogLik = 213.295094568396"
[1] "## lambda = 32 alpha = NA"
[1] "# fold 1"
[1] "logLik of fold 1 is 142.344337027396"
[1] "# fold 2"
[1] "logLik of fold 2 is 44.3100945342208"
[1] "# fold 3"
[1] "logLik of fold 3 is 26.2532864562776"
[1] "lambda = 32 alpha = NA cvlogLik = 212.907718017895"
[1] "current best: lambda = 0.00048828125 alpha = NA cvlogLik = 213.295094568396"
[1] "## lambda = 100 alpha = NA"
[1] "# fold 1"
[1] "logLik of fold 1 is 142.344337027396"
[1] "# fold 2"
[1] "logLik of fold 2 is 44.3100945342208"
[1] "# fold 3"
[1] "logLik of fold 3 is 26.2532864562776"
[1] "lambda = 100 alpha = NA cvlogLik = 212.907718017895"
[1] "current best: lambda = 0.00048828125 alpha = NA cvlogLik = 213.295094568396"
[1] "## lambda = 1000 alpha = NA"
[1] "# fold 1"
[1] "logLik of fold 1 is 142.344337027396"
[1] "# fold 2"
[1] "logLik of fold 2 is 44.3100945342208"
[1] "# fold 3"
[1] "logLik of fold 3 is 26.2532864562776"
[1] "lambda = 1000 alpha = NA cvlogLik = 212.907718017895"
[1] "current best: lambda = 0.00048828125 alpha = NA cvlogLik = 213.295094568396"
[1] "## lambda = 10000 alpha = NA"
[1] "# fold 1"
[1] "logLik of fold 1 is 142.344337027396"
[1] "# fold 2"
[1] "logLik of fold 2 is 44.3100945342208"
[1] "# fold 3"
[1] "logLik of fold 3 is 26.2532864562776"
[1] "lambda = 10000 alpha = NA cvlogLik = 212.907718017895"
[1] "current best: lambda = 0.00048828125 alpha = NA cvlogLik = 213.295094568396"
[1] "## lambda = 1e+05 alpha = NA"
[1] "# fold 1"
[1] "logLik of fold 1 is 142.344337027396"
[1] "# fold 2"
[1] "logLik of fold 2 is 44.3100945342208"
[1] "# fold 3"
[1] "logLik of fold 3 is 26.2532864562776"
[1] "lambda = 1e+05 alpha = NA cvlogLik = 212.907718017895"
[1] "current best: lambda = 0.00048828125 alpha = NA cvlogLik = 213.295094568396"
[1] "## lambda = 1e+06 alpha = NA"
[1] "# fold 1"
[1] "logLik of fold 1 is 142.344337027396"
[1] "# fold 2"
[1] "logLik of fold 2 is 44.3100945342208"
[1] "# fold 3"
[1] "logLik of fold 3 is 26.2532864562776"
[1] "lambda = 1e+06 alpha = NA cvlogLik = 212.907718017895"
[1] "current best: lambda = 0.00048828125 alpha = NA cvlogLik = 213.295094568396"
[1] "total time used"
   user  system elapsed 
 23.156   0.096  24.575 
